<?xml version="1.0" encoding="UTF-8"?>
<!-- Generated by org.testng.reporters.JUnitReportReporter -->
<testsuite hostname="Ankit" failures="0" tests="2" name="tests.WebsiteListTest" time="42.081" errors="0" timestamp="2024-05-21T17:58:41 IST" skipped="0">
  <testcase classname="tests.WebsiteListTest" name="loginApp" time="6.246"/>
  <testcase classname="tests.WebsiteListTest" name="testPaginationWebsiteList" time="35.835"/>
</testsuite> <!-- tests.WebsiteListTest -->
