<?xml version="1.0" encoding="UTF-8"?>
<!-- Generated by org.testng.reporters.JUnitReportReporter -->
<testsuite hostname="Ankit" failures="0" tests="2" name="tests.LoginTest1" time="17.364" errors="0" timestamp="2024-05-28T16:50:47 IST" skipped="0">
  <testcase classname="tests.LoginTest1" name="testLoginAndValidMessageBlankLoginIdValidPassword" time="7.692"/>
  <testcase classname="tests.LoginTest1" name="testLoginAndValidMessageBlankLoginIdInvalidPassword" time="9.672"/>
</testsuite> <!-- tests.LoginTest1 -->
