<?xml version="1.0" encoding="UTF-8"?>
<!-- Generated by org.testng.reporters.JUnitReportReporter -->
<testsuite hostname="Ankit" failures="0" tests="5" name="tests.LoginTest" time="29.505" errors="0" timestamp="2024-05-22T11:47:28 IST" skipped="0">
  <testcase classname="tests.LoginTest" name="testGetTextLogin" time="4.065"/>
  <testcase classname="tests.LoginTest" name="testFieldEnabledDisplayed" time="10.454"/>
  <testcase classname="tests.LoginTest" name="testVerifyTitle" time="2.054"/>
  <testcase classname="tests.LoginTest" name="testVerifyUrl" time="2.090"/>
  <testcase classname="tests.LoginTest" name="loginApp" time="10.842"/>
</testsuite> <!-- tests.LoginTest -->
