<?xml version="1.0" encoding="UTF-8"?>
<!-- Generated by org.testng.reporters.JUnitReportReporter -->
<testsuite hostname="Ankit" failures="0" tests="1" name="tests.WebsiteListTest1" time="74.703" errors="0" timestamp="2024-05-28T18:26:48 IST" skipped="0">
  <testcase classname="tests.WebsiteListTest1" name="testFunctionalityOfButtonsAndFieldsWithTabEnterButton" time="74.703"/>
</testsuite> <!-- tests.WebsiteListTest1 -->
